<?xml version="1.0" encoding="UTF-8"?>
<testsuite xmlns:xsi="http://www.w3.org/2001/XMLSchema-instance" xsi:noNamespaceSchemaLocation="https://maven.apache.org/surefire/maven-surefire-plugin/xsd/surefire-test-report-3.0.xsd" version="3.0" name="TestSuite" time="39.15" tests="5" errors="0" skipped="1" failures="1">
  <properties>
    <property name="java.specification.version" value="21"/>
    <property name="sun.cpu.isalist" value="amd64"/>
    <property name="sun.jnu.encoding" value="Cp1252"/>
    <property name="java.class.path" value="C:\Users\monie\eclipse-workspace\SeleniumFramework\target\test-classes;C:\Users\monie\eclipse-workspace\SeleniumFramework\target\classes;C:\Users\monie\.m2\repository\org\seleniumhq\selenium\selenium-java\4.28.0\selenium-java-4.28.0.jar;C:\Users\monie\.m2\repository\org\seleniumhq\selenium\selenium-api\4.28.0\selenium-api-4.28.0.jar;C:\Users\monie\.m2\repository\org\jspecify\jspecify\1.0.0\jspecify-1.0.0.jar;C:\Users\monie\.m2\repository\org\seleniumhq\selenium\selenium-chrome-driver\4.28.0\selenium-chrome-driver-4.28.0.jar;C:\Users\monie\.m2\repository\com\google\auto\service\auto-service-annotations\1.1.1\auto-service-annotations-1.1.1.jar;C:\Users\monie\.m2\repository\org\seleniumhq\selenium\selenium-chromium-driver\4.28.0\selenium-chromium-driver-4.28.0.jar;C:\Users\monie\.m2\repository\org\seleniumhq\selenium\selenium-json\4.28.0\selenium-json-4.28.0.jar;C:\Users\monie\.m2\repository\org\seleniumhq\selenium\selenium-manager\4.28.0\selenium-manager-4.28.0.jar;C:\Users\monie\.m2\repository\org\seleniumhq\selenium\selenium-devtools-v130\4.28.0\selenium-devtools-v130-4.28.0.jar;C:\Users\monie\.m2\repository\org\seleniumhq\selenium\selenium-devtools-v131\4.28.0\selenium-devtools-v131-4.28.0.jar;C:\Users\monie\.m2\repository\org\seleniumhq\selenium\selenium-devtools-v132\4.28.0\selenium-devtools-v132-4.28.0.jar;C:\Users\monie\.m2\repository\org\seleniumhq\selenium\selenium-devtools-v85\4.28.0\selenium-devtools-v85-4.28.0.jar;C:\Users\monie\.m2\repository\org\seleniumhq\selenium\selenium-edge-driver\4.28.0\selenium-edge-driver-4.28.0.jar;C:\Users\monie\.m2\repository\org\seleniumhq\selenium\selenium-firefox-driver\4.28.0\selenium-firefox-driver-4.28.0.jar;C:\Users\monie\.m2\repository\org\seleniumhq\selenium\selenium-http\4.28.0\selenium-http-4.28.0.jar;C:\Users\monie\.m2\repository\org\seleniumhq\selenium\selenium-ie-driver\4.28.0\selenium-ie-driver-4.28.0.jar;C:\Users\monie\.m2\repository\org\seleniumhq\selenium\selenium-remote-driver\4.28.0\selenium-remote-driver-4.28.0.jar;C:\Users\monie\.m2\repository\com\google\guava\guava\33.4.0-jre\guava-33.4.0-jre.jar;C:\Users\monie\.m2\repository\com\google\guava\failureaccess\1.0.2\failureaccess-1.0.2.jar;C:\Users\monie\.m2\repository\com\google\guava\listenablefuture\9999.0-empty-to-avoid-conflict-with-guava\listenablefuture-9999.0-empty-to-avoid-conflict-with-guava.jar;C:\Users\monie\.m2\repository\com\google\code\findbugs\jsr305\3.0.2\jsr305-3.0.2.jar;C:\Users\monie\.m2\repository\org\checkerframework\checker-qual\3.43.0\checker-qual-3.43.0.jar;C:\Users\monie\.m2\repository\com\google\j2objc\j2objc-annotations\3.0.0\j2objc-annotations-3.0.0.jar;C:\Users\monie\.m2\repository\io\opentelemetry\semconv\opentelemetry-semconv\1.28.0-alpha\opentelemetry-semconv-1.28.0-alpha.jar;C:\Users\monie\.m2\repository\io\opentelemetry\opentelemetry-api\1.46.0\opentelemetry-api-1.46.0.jar;C:\Users\monie\.m2\repository\io\opentelemetry\opentelemetry-context\1.46.0\opentelemetry-context-1.46.0.jar;C:\Users\monie\.m2\repository\io\opentelemetry\opentelemetry-exporter-logging\1.46.0\opentelemetry-exporter-logging-1.46.0.jar;C:\Users\monie\.m2\repository\io\opentelemetry\opentelemetry-sdk-common\1.46.0\opentelemetry-sdk-common-1.46.0.jar;C:\Users\monie\.m2\repository\io\opentelemetry\opentelemetry-sdk-extension-autoconfigure-spi\1.46.0\opentelemetry-sdk-extension-autoconfigure-spi-1.46.0.jar;C:\Users\monie\.m2\repository\io\opentelemetry\opentelemetry-sdk-extension-autoconfigure\1.46.0\opentelemetry-sdk-extension-autoconfigure-1.46.0.jar;C:\Users\monie\.m2\repository\io\opentelemetry\opentelemetry-api-incubator\1.46.0-alpha\opentelemetry-api-incubator-1.46.0-alpha.jar;C:\Users\monie\.m2\repository\io\opentelemetry\opentelemetry-sdk-trace\1.46.0\opentelemetry-sdk-trace-1.46.0.jar;C:\Users\monie\.m2\repository\io\opentelemetry\opentelemetry-sdk\1.46.0\opentelemetry-sdk-1.46.0.jar;C:\Users\monie\.m2\repository\io\opentelemetry\opentelemetry-sdk-metrics\1.46.0\opentelemetry-sdk-metrics-1.46.0.jar;C:\Users\monie\.m2\repository\io\opentelemetry\opentelemetry-sdk-logs\1.46.0\opentelemetry-sdk-logs-1.46.0.jar;C:\Users\monie\.m2\repository\net\bytebuddy\byte-buddy\1.15.11\byte-buddy-1.15.11.jar;C:\Users\monie\.m2\repository\org\seleniumhq\selenium\selenium-os\4.28.0\selenium-os-4.28.0.jar;C:\Users\monie\.m2\repository\org\apache\commons\commons-exec\1.4.0\commons-exec-1.4.0.jar;C:\Users\monie\.m2\repository\org\seleniumhq\selenium\selenium-safari-driver\4.28.0\selenium-safari-driver-4.28.0.jar;C:\Users\monie\.m2\repository\org\seleniumhq\selenium\selenium-support\4.28.0\selenium-support-4.28.0.jar;C:\Users\monie\.m2\repository\org\testng\testng\7.10.2\testng-7.10.2.jar;C:\Users\monie\.m2\repository\org\slf4j\slf4j-api\1.7.36\slf4j-api-1.7.36.jar;C:\Users\monie\.m2\repository\com\beust\jcommander\1.82\jcommander-1.82.jar;C:\Users\monie\.m2\repository\org\webjars\jquery\3.7.1\jquery-3.7.1.jar;C:\Users\monie\.m2\repository\io\github\bonigarcia\webdrivermanager\5.9.2\webdrivermanager-5.9.2.jar;C:\Users\monie\.m2\repository\com\google\code\gson\gson\2.11.0\gson-2.11.0.jar;C:\Users\monie\.m2\repository\com\google\errorprone\error_prone_annotations\2.27.0\error_prone_annotations-2.27.0.jar;C:\Users\monie\.m2\repository\com\github\docker-java\docker-java\3.4.0\docker-java-3.4.0.jar;C:\Users\monie\.m2\repository\com\github\docker-java\docker-java-core\3.4.0\docker-java-core-3.4.0.jar;C:\Users\monie\.m2\repository\com\github\docker-java\docker-java-api\3.4.0\docker-java-api-3.4.0.jar;C:\Users\monie\.m2\repository\org\slf4j\jcl-over-slf4j\1.7.30\jcl-over-slf4j-1.7.30.jar;C:\Users\monie\.m2\repository\com\github\docker-java\docker-java-transport-httpclient5\3.4.0\docker-java-transport-httpclient5-3.4.0.jar;C:\Users\monie\.m2\repository\com\github\docker-java\docker-java-transport\3.4.0\docker-java-transport-3.4.0.jar;C:\Users\monie\.m2\repository\net\java\dev\jna\jna\5.13.0\jna-5.13.0.jar;C:\Users\monie\.m2\repository\org\brotli\dec\0.1.2\dec-0.1.2.jar;C:\Users\monie\.m2\repository\org\apache\commons\commons-lang3\3.15.0\commons-lang3-3.15.0.jar;C:\Users\monie\.m2\repository\org\apache\commons\commons-compress\1.26.2\commons-compress-1.26.2.jar;C:\Users\monie\.m2\repository\commons-codec\commons-codec\1.17.0\commons-codec-1.17.0.jar;C:\Users\monie\.m2\repository\commons-io\commons-io\2.16.1\commons-io-2.16.1.jar;C:\Users\monie\.m2\repository\org\apache\httpcomponents\client5\httpclient5\5.2.1\httpclient5-5.2.1.jar;C:\Users\monie\.m2\repository\org\apache\httpcomponents\core5\httpcore5\5.2\httpcore5-5.2.jar;C:\Users\monie\.m2\repository\org\apache\httpcomponents\core5\httpcore5-h2\5.2\httpcore5-h2-5.2.jar;C:\Users\monie\.m2\repository\com\fasterxml\jackson\core\jackson-databind\2.18.2\jackson-databind-2.18.2.jar;C:\Users\monie\.m2\repository\com\fasterxml\jackson\core\jackson-annotations\2.18.2\jackson-annotations-2.18.2.jar;C:\Users\monie\.m2\repository\com\fasterxml\jackson\core\jackson-core\2.18.2\jackson-core-2.18.2.jar;C:\Users\monie\.m2\repository\com\aventstack\extentreports\5.1.2\extentreports-5.1.2.jar;C:\Users\monie\.m2\repository\io\reactivex\rxjava3\rxjava\3.1.6\rxjava-3.1.6.jar;C:\Users\monie\.m2\repository\org\reactivestreams\reactive-streams\1.0.4\reactive-streams-1.0.4.jar;C:\Users\monie\.m2\repository\org\freemarker\freemarker\2.3.32\freemarker-2.3.32.jar;C:\Users\monie\.m2\repository\org\projectlombok\lombok\1.18.26\lombok-1.18.26.jar;C:\Users\monie\.m2\repository\io\cucumber\cucumber-java\7.21.0\cucumber-java-7.21.0.jar;C:\Users\monie\.m2\repository\io\cucumber\cucumber-core\7.21.0\cucumber-core-7.21.0.jar;C:\Users\monie\.m2\repository\io\cucumber\cucumber-gherkin\7.21.0\cucumber-gherkin-7.21.0.jar;C:\Users\monie\.m2\repository\io\cucumber\cucumber-gherkin-messages\7.21.0\cucumber-gherkin-messages-7.21.0.jar;C:\Users\monie\.m2\repository\io\cucumber\gherkin\31.0.0\gherkin-31.0.0.jar;C:\Users\monie\.m2\repository\io\cucumber\messages\27.2.0\messages-27.2.0.jar;C:\Users\monie\.m2\repository\io\cucumber\testng-xml-formatter\0.3.1\testng-xml-formatter-0.3.1.jar;C:\Users\monie\.m2\repository\io\cucumber\query\13.2.0\query-13.2.0.jar;C:\Users\monie\.m2\repository\io\cucumber\tag-expressions\6.1.2\tag-expressions-6.1.2.jar;C:\Users\monie\.m2\repository\io\cucumber\cucumber-expressions\18.0.1\cucumber-expressions-18.0.1.jar;C:\Users\monie\.m2\repository\io\cucumber\datatable\7.21.0\datatable-7.21.0.jar;C:\Users\monie\.m2\repository\io\cucumber\cucumber-plugin\7.21.0\cucumber-plugin-7.21.0.jar;C:\Users\monie\.m2\repository\io\cucumber\docstring\7.21.0\docstring-7.21.0.jar;C:\Users\monie\.m2\repository\io\cucumber\html-formatter\21.9.0\html-formatter-21.9.0.jar;C:\Users\monie\.m2\repository\io\cucumber\junit-xml-formatter\0.7.1\junit-xml-formatter-0.7.1.jar;C:\Users\monie\.m2\repository\io\cucumber\ci-environment\10.0.1\ci-environment-10.0.1.jar;C:\Users\monie\.m2\repository\org\apiguardian\apiguardian-api\1.1.2\apiguardian-api-1.1.2.jar;C:\Users\monie\.m2\repository\io\cucumber\cucumber-testng\7.21.0\cucumber-testng-7.21.0.jar;"/>
    <property name="java.vm.vendor" value="Oracle Corporation"/>
    <property name="sun.arch.data.model" value="64"/>
    <property name="user.variant" value=""/>
    <property name="java.vendor.url" value="https://java.oracle.com/"/>
    <property name="user.timezone" value="America/Chicago"/>
    <property name="os.name" value="Windows 11"/>
    <property name="java.vm.specification.version" value="21"/>
    <property name="sun.java.launcher" value="SUN_STANDARD"/>
    <property name="user.country" value="US"/>
    <property name="sun.boot.library.path" value="C:\Program Files\Java\jdk-21\bin"/>
    <property name="sun.java.command" value="C:\Users\monie\AppData\Local\Temp\surefire4445895317491551146\surefirebooter9738235408785321942.jar C:\Users\monie\AppData\Local\Temp\surefire4445895317491551146 2025-02-08T07-30-08_378-jvmRun1 surefire319186730864876998tmp surefire_015273829024147593435tmp"/>
    <property name="jdk.debug" value="release"/>
    <property name="surefire.test.class.path" value="C:\Users\monie\eclipse-workspace\SeleniumFramework\target\test-classes;C:\Users\monie\eclipse-workspace\SeleniumFramework\target\classes;C:\Users\monie\.m2\repository\org\seleniumhq\selenium\selenium-java\4.28.0\selenium-java-4.28.0.jar;C:\Users\monie\.m2\repository\org\seleniumhq\selenium\selenium-api\4.28.0\selenium-api-4.28.0.jar;C:\Users\monie\.m2\repository\org\jspecify\jspecify\1.0.0\jspecify-1.0.0.jar;C:\Users\monie\.m2\repository\org\seleniumhq\selenium\selenium-chrome-driver\4.28.0\selenium-chrome-driver-4.28.0.jar;C:\Users\monie\.m2\repository\com\google\auto\service\auto-service-annotations\1.1.1\auto-service-annotations-1.1.1.jar;C:\Users\monie\.m2\repository\org\seleniumhq\selenium\selenium-chromium-driver\4.28.0\selenium-chromium-driver-4.28.0.jar;C:\Users\monie\.m2\repository\org\seleniumhq\selenium\selenium-json\4.28.0\selenium-json-4.28.0.jar;C:\Users\monie\.m2\repository\org\seleniumhq\selenium\selenium-manager\4.28.0\selenium-manager-4.28.0.jar;C:\Users\monie\.m2\repository\org\seleniumhq\selenium\selenium-devtools-v130\4.28.0\selenium-devtools-v130-4.28.0.jar;C:\Users\monie\.m2\repository\org\seleniumhq\selenium\selenium-devtools-v131\4.28.0\selenium-devtools-v131-4.28.0.jar;C:\Users\monie\.m2\repository\org\seleniumhq\selenium\selenium-devtools-v132\4.28.0\selenium-devtools-v132-4.28.0.jar;C:\Users\monie\.m2\repository\org\seleniumhq\selenium\selenium-devtools-v85\4.28.0\selenium-devtools-v85-4.28.0.jar;C:\Users\monie\.m2\repository\org\seleniumhq\selenium\selenium-edge-driver\4.28.0\selenium-edge-driver-4.28.0.jar;C:\Users\monie\.m2\repository\org\seleniumhq\selenium\selenium-firefox-driver\4.28.0\selenium-firefox-driver-4.28.0.jar;C:\Users\monie\.m2\repository\org\seleniumhq\selenium\selenium-http\4.28.0\selenium-http-4.28.0.jar;C:\Users\monie\.m2\repository\org\seleniumhq\selenium\selenium-ie-driver\4.28.0\selenium-ie-driver-4.28.0.jar;C:\Users\monie\.m2\repository\org\seleniumhq\selenium\selenium-remote-driver\4.28.0\selenium-remote-driver-4.28.0.jar;C:\Users\monie\.m2\repository\com\google\guava\guava\33.4.0-jre\guava-33.4.0-jre.jar;C:\Users\monie\.m2\repository\com\google\guava\failureaccess\1.0.2\failureaccess-1.0.2.jar;C:\Users\monie\.m2\repository\com\google\guava\listenablefuture\9999.0-empty-to-avoid-conflict-with-guava\listenablefuture-9999.0-empty-to-avoid-conflict-with-guava.jar;C:\Users\monie\.m2\repository\com\google\code\findbugs\jsr305\3.0.2\jsr305-3.0.2.jar;C:\Users\monie\.m2\repository\org\checkerframework\checker-qual\3.43.0\checker-qual-3.43.0.jar;C:\Users\monie\.m2\repository\com\google\j2objc\j2objc-annotations\3.0.0\j2objc-annotations-3.0.0.jar;C:\Users\monie\.m2\repository\io\opentelemetry\semconv\opentelemetry-semconv\1.28.0-alpha\opentelemetry-semconv-1.28.0-alpha.jar;C:\Users\monie\.m2\repository\io\opentelemetry\opentelemetry-api\1.46.0\opentelemetry-api-1.46.0.jar;C:\Users\monie\.m2\repository\io\opentelemetry\opentelemetry-context\1.46.0\opentelemetry-context-1.46.0.jar;C:\Users\monie\.m2\repository\io\opentelemetry\opentelemetry-exporter-logging\1.46.0\opentelemetry-exporter-logging-1.46.0.jar;C:\Users\monie\.m2\repository\io\opentelemetry\opentelemetry-sdk-common\1.46.0\opentelemetry-sdk-common-1.46.0.jar;C:\Users\monie\.m2\repository\io\opentelemetry\opentelemetry-sdk-extension-autoconfigure-spi\1.46.0\opentelemetry-sdk-extension-autoconfigure-spi-1.46.0.jar;C:\Users\monie\.m2\repository\io\opentelemetry\opentelemetry-sdk-extension-autoconfigure\1.46.0\opentelemetry-sdk-extension-autoconfigure-1.46.0.jar;C:\Users\monie\.m2\repository\io\opentelemetry\opentelemetry-api-incubator\1.46.0-alpha\opentelemetry-api-incubator-1.46.0-alpha.jar;C:\Users\monie\.m2\repository\io\opentelemetry\opentelemetry-sdk-trace\1.46.0\opentelemetry-sdk-trace-1.46.0.jar;C:\Users\monie\.m2\repository\io\opentelemetry\opentelemetry-sdk\1.46.0\opentelemetry-sdk-1.46.0.jar;C:\Users\monie\.m2\repository\io\opentelemetry\opentelemetry-sdk-metrics\1.46.0\opentelemetry-sdk-metrics-1.46.0.jar;C:\Users\monie\.m2\repository\io\opentelemetry\opentelemetry-sdk-logs\1.46.0\opentelemetry-sdk-logs-1.46.0.jar;C:\Users\monie\.m2\repository\net\bytebuddy\byte-buddy\1.15.11\byte-buddy-1.15.11.jar;C:\Users\monie\.m2\repository\org\seleniumhq\selenium\selenium-os\4.28.0\selenium-os-4.28.0.jar;C:\Users\monie\.m2\repository\org\apache\commons\commons-exec\1.4.0\commons-exec-1.4.0.jar;C:\Users\monie\.m2\repository\org\seleniumhq\selenium\selenium-safari-driver\4.28.0\selenium-safari-driver-4.28.0.jar;C:\Users\monie\.m2\repository\org\seleniumhq\selenium\selenium-support\4.28.0\selenium-support-4.28.0.jar;C:\Users\monie\.m2\repository\org\testng\testng\7.10.2\testng-7.10.2.jar;C:\Users\monie\.m2\repository\org\slf4j\slf4j-api\1.7.36\slf4j-api-1.7.36.jar;C:\Users\monie\.m2\repository\com\beust\jcommander\1.82\jcommander-1.82.jar;C:\Users\monie\.m2\repository\org\webjars\jquery\3.7.1\jquery-3.7.1.jar;C:\Users\monie\.m2\repository\io\github\bonigarcia\webdrivermanager\5.9.2\webdrivermanager-5.9.2.jar;C:\Users\monie\.m2\repository\com\google\code\gson\gson\2.11.0\gson-2.11.0.jar;C:\Users\monie\.m2\repository\com\google\errorprone\error_prone_annotations\2.27.0\error_prone_annotations-2.27.0.jar;C:\Users\monie\.m2\repository\com\github\docker-java\docker-java\3.4.0\docker-java-3.4.0.jar;C:\Users\monie\.m2\repository\com\github\docker-java\docker-java-core\3.4.0\docker-java-core-3.4.0.jar;C:\Users\monie\.m2\repository\com\github\docker-java\docker-java-api\3.4.0\docker-java-api-3.4.0.jar;C:\Users\monie\.m2\repository\org\slf4j\jcl-over-slf4j\1.7.30\jcl-over-slf4j-1.7.30.jar;C:\Users\monie\.m2\repository\com\github\docker-java\docker-java-transport-httpclient5\3.4.0\docker-java-transport-httpclient5-3.4.0.jar;C:\Users\monie\.m2\repository\com\github\docker-java\docker-java-transport\3.4.0\docker-java-transport-3.4.0.jar;C:\Users\monie\.m2\repository\net\java\dev\jna\jna\5.13.0\jna-5.13.0.jar;C:\Users\monie\.m2\repository\org\brotli\dec\0.1.2\dec-0.1.2.jar;C:\Users\monie\.m2\repository\org\apache\commons\commons-lang3\3.15.0\commons-lang3-3.15.0.jar;C:\Users\monie\.m2\repository\org\apache\commons\commons-compress\1.26.2\commons-compress-1.26.2.jar;C:\Users\monie\.m2\repository\commons-codec\commons-codec\1.17.0\commons-codec-1.17.0.jar;C:\Users\monie\.m2\repository\commons-io\commons-io\2.16.1\commons-io-2.16.1.jar;C:\Users\monie\.m2\repository\org\apache\httpcomponents\client5\httpclient5\5.2.1\httpclient5-5.2.1.jar;C:\Users\monie\.m2\repository\org\apache\httpcomponents\core5\httpcore5\5.2\httpcore5-5.2.jar;C:\Users\monie\.m2\repository\org\apache\httpcomponents\core5\httpcore5-h2\5.2\httpcore5-h2-5.2.jar;C:\Users\monie\.m2\repository\com\fasterxml\jackson\core\jackson-databind\2.18.2\jackson-databind-2.18.2.jar;C:\Users\monie\.m2\repository\com\fasterxml\jackson\core\jackson-annotations\2.18.2\jackson-annotations-2.18.2.jar;C:\Users\monie\.m2\repository\com\fasterxml\jackson\core\jackson-core\2.18.2\jackson-core-2.18.2.jar;C:\Users\monie\.m2\repository\com\aventstack\extentreports\5.1.2\extentreports-5.1.2.jar;C:\Users\monie\.m2\repository\io\reactivex\rxjava3\rxjava\3.1.6\rxjava-3.1.6.jar;C:\Users\monie\.m2\repository\org\reactivestreams\reactive-streams\1.0.4\reactive-streams-1.0.4.jar;C:\Users\monie\.m2\repository\org\freemarker\freemarker\2.3.32\freemarker-2.3.32.jar;C:\Users\monie\.m2\repository\org\projectlombok\lombok\1.18.26\lombok-1.18.26.jar;C:\Users\monie\.m2\repository\io\cucumber\cucumber-java\7.21.0\cucumber-java-7.21.0.jar;C:\Users\monie\.m2\repository\io\cucumber\cucumber-core\7.21.0\cucumber-core-7.21.0.jar;C:\Users\monie\.m2\repository\io\cucumber\cucumber-gherkin\7.21.0\cucumber-gherkin-7.21.0.jar;C:\Users\monie\.m2\repository\io\cucumber\cucumber-gherkin-messages\7.21.0\cucumber-gherkin-messages-7.21.0.jar;C:\Users\monie\.m2\repository\io\cucumber\gherkin\31.0.0\gherkin-31.0.0.jar;C:\Users\monie\.m2\repository\io\cucumber\messages\27.2.0\messages-27.2.0.jar;C:\Users\monie\.m2\repository\io\cucumber\testng-xml-formatter\0.3.1\testng-xml-formatter-0.3.1.jar;C:\Users\monie\.m2\repository\io\cucumber\query\13.2.0\query-13.2.0.jar;C:\Users\monie\.m2\repository\io\cucumber\tag-expressions\6.1.2\tag-expressions-6.1.2.jar;C:\Users\monie\.m2\repository\io\cucumber\cucumber-expressions\18.0.1\cucumber-expressions-18.0.1.jar;C:\Users\monie\.m2\repository\io\cucumber\datatable\7.21.0\datatable-7.21.0.jar;C:\Users\monie\.m2\repository\io\cucumber\cucumber-plugin\7.21.0\cucumber-plugin-7.21.0.jar;C:\Users\monie\.m2\repository\io\cucumber\docstring\7.21.0\docstring-7.21.0.jar;C:\Users\monie\.m2\repository\io\cucumber\html-formatter\21.9.0\html-formatter-21.9.0.jar;C:\Users\monie\.m2\repository\io\cucumber\junit-xml-formatter\0.7.1\junit-xml-formatter-0.7.1.jar;C:\Users\monie\.m2\repository\io\cucumber\ci-environment\10.0.1\ci-environment-10.0.1.jar;C:\Users\monie\.m2\repository\org\apiguardian\apiguardian-api\1.1.2\apiguardian-api-1.1.2.jar;C:\Users\monie\.m2\repository\io\cucumber\cucumber-testng\7.21.0\cucumber-testng-7.21.0.jar;"/>
    <property name="sun.cpu.endian" value="little"/>
    <property name="user.home" value="C:\Users\monie"/>
    <property name="user.language" value="en"/>
    <property name="java.specification.vendor" value="Oracle Corporation"/>
    <property name="java.version.date" value="2024-10-15"/>
    <property name="java.home" value="C:\Program Files\Java\jdk-21"/>
    <property name="file.separator" value="\"/>
    <property name="basedir" value="C:\Users\monie\eclipse-workspace\SeleniumFramework"/>
    <property name="java.vm.compressedOopsMode" value="Zero based"/>
    <property name="line.separator" value="&#10;"/>
    <property name="java.vm.specification.vendor" value="Oracle Corporation"/>
    <property name="java.specification.name" value="Java Platform API Specification"/>
    <property name="surefire.real.class.path" value="C:\Users\monie\AppData\Local\Temp\surefire4445895317491551146\surefirebooter9738235408785321942.jar"/>
    <property name="user.script" value=""/>
    <property name="sun.management.compiler" value="HotSpot 64-Bit Tiered Compilers"/>
    <property name="java.runtime.version" value="21.0.5+9-LTS-239"/>
    <property name="user.name" value="monie"/>
    <property name="stdout.encoding" value="Cp1252"/>
    <property name="path.separator" value=";"/>
    <property name="os.version" value="10.0"/>
    <property name="java.runtime.name" value="Java(TM) SE Runtime Environment"/>
    <property name="file.encoding" value="UTF-8"/>
    <property name="browser" value="chrome"/>
    <property name="java.vm.name" value="Java HotSpot(TM) 64-Bit Server VM"/>
    <property name="localRepository" value="C:\Users\monie\.m2\repository"/>
    <property name="java.vendor.url.bug" value="https://bugreport.java.com/bugreport/"/>
    <property name="java.io.tmpdir" value="C:\Users\monie\AppData\Local\Temp\"/>
    <property name="java.version" value="21.0.5"/>
    <property name="user.dir" value="C:\Users\monie\eclipse-workspace\SeleniumFramework"/>
    <property name="os.arch" value="amd64"/>
    <property name="java.vm.specification.name" value="Java Virtual Machine Specification"/>
    <property name="sun.os.patch.level" value=""/>
    <property name="native.encoding" value="Cp1252"/>
    <property name="java.library.path" value="C:\Program Files\Java\jdk-21\bin;C:\WINDOWS\Sun\Java\bin;C:\WINDOWS\system32;C:\WINDOWS;C:\flutter\bin;C:\WINDOWS\system32;C:\WINDOWS;C:\WINDOWS\System32\Wbem;C:\WINDOWS\System32\WindowsPowerShell\v1.0\;C:\WINDOWS\System32\OpenSSH\;C:\Program Files\dotnet\;C:\Program Files\Git\cmd;C:\Users\monie\;C:\Program Files\Microsoft SQL Server\150\Tools\Binn\;C:\Program Files\Microsoft SQL Server\Client SDK\ODBC\170\Tools\Binn\;C:\Program Files\Java\jdk-21\bin;C:\Users\monie\apache-maven-3.9.9-bin\apache-maven-3.9.9\bin;C:\Users\monie\AppData\Local\Microsoft\WindowsApps;;C:\Users\monie\AppData\Local\Programs\Microsoft VS Code\bin;C:\Users\monie\.dotnet\tools;C:\Users\monie\AppData\Roaming\npm;."/>
    <property name="java.vm.info" value="mixed mode, sharing"/>
    <property name="stderr.encoding" value="Cp1252"/>
    <property name="java.vendor" value="Oracle Corporation"/>
    <property name="java.vm.version" value="21.0.5+9-LTS-239"/>
    <property name="sun.io.unicode.encoding" value="UnicodeLittle"/>
    <property name="java.class.version" value="65.0"/>
  </properties>
  <testcase name="loginFailCheck" classname="udemycourse.tests.ErrorValidationsTest" time="4.668">
    <system-err><![CDATA[SLF4J: Failed to load class "org.slf4j.impl.StaticLoggerBinder".
SLF4J: Defaulting to no-operation (NOP) logger implementation
SLF4J: See http://www.slf4j.org/codes.html#StaticLoggerBinder for further details.
Feb 08, 2025 7:30:12 AM org.openqa.selenium.manager.SeleniumManager lambda$runCommand$1
WARNING: Cache folder (C:\Users\monie\.cache\selenium) cannot be created: Access is denied. (os error 5)
Feb 08, 2025 7:30:12 AM org.openqa.selenium.manager.SeleniumManager lambda$runCommand$1
WARNING: Cache folder (C:\Users\monie\.cache\selenium) cannot be created: Access is denied. (os error 5)
Feb 08, 2025 7:30:12 AM org.openqa.selenium.manager.SeleniumManager lambda$runCommand$1
WARNING: Cache folder (C:\Users\monie\.cache\selenium) cannot be created: Access is denied. (os error 5)
Feb 08, 2025 7:30:12 AM org.openqa.selenium.manager.SeleniumManager lambda$runCommand$1
WARNING: Cache folder (C:\Users\monie\.cache\selenium) cannot be created: Access is denied. (os error 5)
Feb 08, 2025 7:30:12 AM org.openqa.selenium.manager.SeleniumManager lambda$runCommand$1
WARNING: Cache folder (C:\Users\monie\.cache\selenium) cannot be created: Access is denied. (os error 5)
Feb 08, 2025 7:30:12 AM org.openqa.selenium.manager.SeleniumManager lambda$runCommand$1
WARNING: Cache folder (C:\Users\monie\.cache\selenium) cannot be created: Access is denied. (os error 5)
]]></system-err>
  </testcase>
  <testcase name="productErrorValidation" classname="udemycourse.tests.ErrorValidationsTest" time="4.866">
    <system-err><![CDATA[Feb 08, 2025 7:30:33 AM org.openqa.selenium.manager.SeleniumManager lambda$runCommand$1
WARNING: Cache folder (C:\Users\monie\.cache\selenium) cannot be created: Access is denied. (os error 5)
Feb 08, 2025 7:30:33 AM org.openqa.selenium.manager.SeleniumManager lambda$runCommand$1
WARNING: Cache folder (C:\Users\monie\.cache\selenium) cannot be created: Access is denied. (os error 5)
Feb 08, 2025 7:30:33 AM org.openqa.selenium.manager.SeleniumManager lambda$runCommand$1
WARNING: Cache folder (C:\Users\monie\.cache\selenium) cannot be created: Access is denied. (os error 5)
]]></system-err>
  </testcase>
  <testcase name="submitOrder[{password=Udemy@1234, product=BANARSI SAREE, email=Udemy1@gmail.com}](1)" classname="udemycourse.tests.SubmitOrderTest" time="2.034">
    <system-err><![CDATA[Feb 08, 2025 7:30:27 AM org.openqa.selenium.manager.SeleniumManager lambda$runCommand$1
WARNING: Cache folder (C:\Users\monie\.cache\selenium) cannot be created: Access is denied. (os error 5)
Feb 08, 2025 7:30:27 AM org.openqa.selenium.manager.SeleniumManager lambda$runCommand$1
WARNING: Cache folder (C:\Users\monie\.cache\selenium) cannot be created: Access is denied. (os error 5)
Feb 08, 2025 7:30:27 AM org.openqa.selenium.manager.SeleniumManager lambda$runCommand$1
WARNING: Cache folder (C:\Users\monie\.cache\selenium) cannot be created: Access is denied. (os error 5)
]]></system-err>
  </testcase>
  <testcase name="submitOrder[{password=Iamking@000, product=IPHONE 13 PRO, email=anshika@gmail.com}](2)" classname="udemycourse.tests.SubmitOrderTest" time="7.828">
    <failure message="Cannot invoke &quot;org.openqa.selenium.WebElement.findElement(org.openqa.selenium.By)&quot; because &quot;prod&quot; is null" type="java.lang.NullPointerException"><![CDATA[java.lang.NullPointerException: Cannot invoke "org.openqa.selenium.WebElement.findElement(org.openqa.selenium.By)" because "prod" is null
	at udemycourse.pageobjects.ProductCatalogue.addItemToCart(ProductCatalogue.java:54)
	at udemycourse.tests.SubmitOrderTest.submitOrder(SubmitOrderTest.java:30)
	at java.base/jdk.internal.reflect.DirectMethodHandleAccessor.invoke(DirectMethodHandleAccessor.java:103)
	at java.base/java.lang.reflect.Method.invoke(Method.java:580)
	at org.testng.internal.invokers.MethodInvocationHelper.invokeMethod(MethodInvocationHelper.java:141)
	at org.testng.internal.invokers.TestInvoker.invokeMethod(TestInvoker.java:686)
	at org.testng.internal.invokers.TestInvoker.invokeTestMethod(TestInvoker.java:230)
	at org.testng.internal.invokers.MethodRunner.runInSequence(MethodRunner.java:63)
	at org.testng.internal.invokers.TestInvoker$MethodInvocationAgent.invoke(TestInvoker.java:992)
	at org.testng.internal.invokers.TestInvoker.invokeTestMethods(TestInvoker.java:203)
	at org.testng.internal.invokers.TestMethodWorker.invokeTestMethods(TestMethodWorker.java:154)
	at org.testng.internal.invokers.TestMethodWorker.run(TestMethodWorker.java:134)
	at java.base/java.util.ArrayList.forEach(ArrayList.java:1596)
	at org.testng.TestRunner.privateRun(TestRunner.java:739)
	at org.testng.TestRunner.run(TestRunner.java:614)
	at org.testng.SuiteRunner.runTest(SuiteRunner.java:421)
	at org.testng.SuiteRunner$SuiteWorker.run(SuiteRunner.java:463)
	at org.testng.internal.thread.ThreadUtil.lambda$execute$0(ThreadUtil.java:64)
	at java.base/java.util.concurrent.FutureTask.run(FutureTask.java:317)
	at java.base/java.util.concurrent.ThreadPoolExecutor.runWorker(ThreadPoolExecutor.java:1144)
	at java.base/java.util.concurrent.ThreadPoolExecutor$Worker.run(ThreadPoolExecutor.java:642)
	at java.base/java.lang.Thread.run(Thread.java:1583)
]]></failure>
  </testcase>
  <testcase name="orderHistoryTest" classname="udemycourse.tests.SubmitOrderTest" time="0">
    <skipped message="Method udemycourse.tests.SubmitOrderTest.orderHistoryTest() on instance udemycourse.tests.SubmitOrderTest@48e1f6c7 depends on not successfully finished methods &#10;[udemycourse.tests.SubmitOrderTest.submitOrder() on instance udemycourse.tests.SubmitOrderTest@48e1f6c7]"/>
  </testcase>
</testsuite>