<?xml version="1.0" encoding="UTF-8"?>
<!-- Generated by org.testng.reporters.JUnitReportReporter -->
<testsuite hostname="Monieka" failures="0" tests="1" name="udemycourse.pageobjects.Altruistquestion" time="1.847" errors="0" timestamp="2025-01-28T14:39:36 CST" skipped="0">
  <testcase classname="udemycourse.pageobjects.Altruistquestion" name="matchTest" time="1.847"/>
  <system-out/>
</testsuite> <!-- udemycourse.pageobjects.Altruistquestion -->
