<?xml version="1.0" encoding="UTF-8"?>
<!-- Generated by org.testng.reporters.JUnitReportReporter -->
<testsuite hostname="Monieka" failures="0" tests="1" name="udemycourse.tests.Altruistquestion" time="1.844" errors="0" timestamp="2025-01-28T14:55:36 CST" skipped="0">
  <testcase classname="udemycourse.tests.Altruistquestion" name="matchTest" time="1.844"/>
  <system-out/>
</testsuite> <!-- udemycourse.tests.Altruistquestion -->
