<?xml version="1.0" encoding="UTF-8"?>
<!-- Generated by org.testng.reporters.JUnitReportReporter -->
<testsuite hostname="Monieka" failures="0" tests="2" name="udemycourse.tests.ErrorValidationsTest" time="35.079" errors="0" timestamp="2025-01-28T20:18:40 CST" skipped="0">
  <testcase classname="udemycourse.tests.ErrorValidationsTest" name="productErrorValidation" time="20.628"/>
  <system-out/>
  <testcase classname="udemycourse.tests.ErrorValidationsTest" name="loginFailCheck" time="14.451"/>
  <system-out/>
</testsuite> <!-- udemycourse.tests.ErrorValidationsTest -->
