<?xml version="1.0" encoding="UTF-8"?>
<!-- Generated by org.testng.reporters.JUnitReportReporter -->
<testsuite hostname="Monieka" failures="0" tests="1" name="udemycourse.tests.SubmitOrder" time="16.470" errors="0" timestamp="2025-01-26T17:25:50 CST" skipped="0">
  <testcase classname="udemycourse.tests.SubmitOrder" name="submitOrder" time="16.470"/>
</testsuite> <!-- udemycourse.tests.SubmitOrder -->
