<?xml version="1.0" encoding="UTF-8"?>
<!-- Generated by org.testng.reporters.JUnitReportReporter -->
<testsuite hostname="Monieka" failures="0" tests="3" name="udemycourse.tests.SubmitOrderTest" time="51.335" errors="0" timestamp="2025-01-28T20:18:40 CST" skipped="0">
  <testcase classname="udemycourse.tests.SubmitOrderTest" name="submitOrder" time="21.474"/>
  <system-out/>
  <testcase classname="udemycourse.tests.SubmitOrderTest" name="orderHistoryTest" time="11.973"/>
  <system-out/>
  <testcase classname="udemycourse.tests.SubmitOrderTest" name="submitOrder" time="17.888"/>
  <system-out/>
</testsuite> <!-- udemycourse.tests.SubmitOrderTest -->
