<?xml version="1.0" encoding="UTF-8"?>
<!-- Generated by org.testng.reporters.JUnitReportReporter -->
<testsuite hostname="Monieka" failures="0" tests="2" name="udemycourse.tests.ErrorValidationsTest" time="34.937" errors="0" timestamp="2025-02-08T07:30:48 CST" skipped="0">
  <testcase classname="udemycourse.tests.ErrorValidationsTest" name="loginFailCheck" time="15.451"/>
  <testcase classname="udemycourse.tests.ErrorValidationsTest" name="productErrorValidation" time="19.486"/>
</testsuite> <!-- udemycourse.tests.ErrorValidationsTest -->
